<?xml version="1.0" encoding="UTF-8"?>
<!-- Generated by org.testng.reporters.JUnitXMLReporter -->
<testsuite ignored="0" hostname="DESKTOP-A7A8192" failures="0" tests="4" name="Test" time="0.117" errors="0" timestamp="2022-09-13T23:45:58 IST">
  <testcase classname="scripts.Test3" name="tc2" time="0.018"/>
  <testcase classname="scripts.Test2" name="tc2" time="0.003"/>
  <testcase classname="scripts.Test1" name="tc2" time="0.002"/>
  <testcase classname="scripts.Test0" name="tc1" time="0.002"/>
</testsuite> <!-- Test -->
