<?xml version="1.0" encoding="UTF-8"?>
<testng-results ignored="0" total="4" passed="4" failed="0" skipped="0">
  <reporter-output>
    <line>
      <![CDATA[Hello python selenium]]>
    </line>
    <line>
      <![CDATA[Hello python]]>
    </line>
    <line>
      <![CDATA[Hello selenium]]>
    </line>
    <line>
      <![CDATA[hello java]]>
    </line>
  </reporter-output>
  <suite started-at="2022-09-13T23:45:58 IST" name="Suite" finished-at="2022-09-13T23:45:58 IST" duration-ms="117">
    <groups>
    </groups>
    <test started-at="2022-09-13T23:45:58 IST" name="Test" finished-at="2022-09-13T23:45:58 IST" duration-ms="117">
      <class name="scripts.Test1">
        <test-method signature="tc2()[pri:0, instance:scripts.Test1@223aa2f7]" started-at="2022-09-13T23:45:58 IST" name="tc2" finished-at="2022-09-13T23:45:58 IST" duration-ms="2" status="PASS">
          <reporter-output>
            <line>
              <![CDATA[Hello selenium]]>
            </line>
          </reporter-output>
        </test-method> <!-- tc2 -->
      </class> <!-- scripts.Test1 -->
      <class name="scripts.Test0">
        <test-method signature="tc1()[pri:0, instance:scripts.Test0@6d3a388c]" started-at="2022-09-13T23:45:58 IST" name="tc1" finished-at="2022-09-13T23:45:58 IST" duration-ms="2" status="PASS">
          <reporter-output>
            <line>
              <![CDATA[hello java]]>
            </line>
          </reporter-output>
        </test-method> <!-- tc1 -->
      </class> <!-- scripts.Test0 -->
      <class name="scripts.Test3">
        <test-method signature="tc2()[pri:0, instance:scripts.Test3@272ed83b]" started-at="2022-09-13T23:45:58 IST" name="tc2" finished-at="2022-09-13T23:45:58 IST" duration-ms="18" status="PASS">
          <reporter-output>
            <line>
              <![CDATA[Hello python selenium]]>
            </line>
          </reporter-output>
        </test-method> <!-- tc2 -->
      </class> <!-- scripts.Test3 -->
      <class name="scripts.Test2">
        <test-method signature="tc2()[pri:0, instance:scripts.Test2@50ad3bc1]" started-at="2022-09-13T23:45:58 IST" name="tc2" finished-at="2022-09-13T23:45:58 IST" duration-ms="3" status="PASS">
          <reporter-output>
            <line>
              <![CDATA[Hello python]]>
            </line>
          </reporter-output>
        </test-method> <!-- tc2 -->
      </class> <!-- scripts.Test2 -->
    </test> <!-- Test -->
  </suite> <!-- Suite -->
</testng-results>
